<?xml version="1.0" encoding="UTF-8"?>
<testsuite xmlns:xsi="http://www.w3.org/2001/XMLSchema-instance" xsi:noNamespaceSchemaLocation="https://maven.apache.org/surefire/maven-surefire-plugin/xsd/surefire-test-report.xsd" name="GQTest" time="0.005" tests="39" errors="0" skipped="0" failures="0">
  <properties>
    <property name="java.specification.version" value="22"/>
    <property name="sun.jnu.encoding" value="UTF-8"/>
    <property name="java.class.path" value="/Users/loganlucas/java-hashmap-and-queue/target/test-classes:/Users/loganlucas/java-hashmap-and-queue/target/classes:/Users/loganlucas/.m2/repository/org/junit/jupiter/junit-jupiter/5.9.1/junit-jupiter-5.9.1.jar:/Users/loganlucas/.m2/repository/org/junit/jupiter/junit-jupiter-api/5.9.1/junit-jupiter-api-5.9.1.jar:/Users/loganlucas/.m2/repository/org/opentest4j/opentest4j/1.2.0/opentest4j-1.2.0.jar:/Users/loganlucas/.m2/repository/org/junit/platform/junit-platform-commons/1.9.1/junit-platform-commons-1.9.1.jar:/Users/loganlucas/.m2/repository/org/apiguardian/apiguardian-api/1.1.2/apiguardian-api-1.1.2.jar:/Users/loganlucas/.m2/repository/org/junit/jupiter/junit-jupiter-params/5.9.1/junit-jupiter-params-5.9.1.jar:/Users/loganlucas/.m2/repository/org/junit/jupiter/junit-jupiter-engine/5.9.1/junit-jupiter-engine-5.9.1.jar:/Users/loganlucas/.m2/repository/org/junit/platform/junit-platform-engine/1.9.1/junit-platform-engine-1.9.1.jar:"/>
    <property name="java.vm.vendor" value="Homebrew"/>
    <property name="sun.arch.data.model" value="64"/>
    <property name="java.vendor.url" value="https://github.com/Homebrew/homebrew-core/issues"/>
    <property name="os.name" value="Mac OS X"/>
    <property name="java.vm.specification.version" value="22"/>
    <property name="sun.java.launcher" value="SUN_STANDARD"/>
    <property name="user.country" value="US"/>
    <property name="sun.boot.library.path" value="/opt/homebrew/Cellar/openjdk/22.0.2/libexec/openjdk.jdk/Contents/Home/lib"/>
    <property name="sun.java.command" value="/Users/loganlucas/java-hashmap-and-queue/target/surefire/surefirebooter13927866615687358736.jar /Users/loganlucas/java-hashmap-and-queue/target/surefire 2024-10-13T15-16-38_894-jvmRun1 surefire8476971521246162053tmp surefire_05830256228297894944tmp"/>
    <property name="http.nonProxyHosts" value="local|*.local|169.254/16|*.169.254/16"/>
    <property name="jdk.debug" value="release"/>
    <property name="surefire.test.class.path" value="/Users/loganlucas/java-hashmap-and-queue/target/test-classes:/Users/loganlucas/java-hashmap-and-queue/target/classes:/Users/loganlucas/.m2/repository/org/junit/jupiter/junit-jupiter/5.9.1/junit-jupiter-5.9.1.jar:/Users/loganlucas/.m2/repository/org/junit/jupiter/junit-jupiter-api/5.9.1/junit-jupiter-api-5.9.1.jar:/Users/loganlucas/.m2/repository/org/opentest4j/opentest4j/1.2.0/opentest4j-1.2.0.jar:/Users/loganlucas/.m2/repository/org/junit/platform/junit-platform-commons/1.9.1/junit-platform-commons-1.9.1.jar:/Users/loganlucas/.m2/repository/org/apiguardian/apiguardian-api/1.1.2/apiguardian-api-1.1.2.jar:/Users/loganlucas/.m2/repository/org/junit/jupiter/junit-jupiter-params/5.9.1/junit-jupiter-params-5.9.1.jar:/Users/loganlucas/.m2/repository/org/junit/jupiter/junit-jupiter-engine/5.9.1/junit-jupiter-engine-5.9.1.jar:/Users/loganlucas/.m2/repository/org/junit/platform/junit-platform-engine/1.9.1/junit-platform-engine-1.9.1.jar:"/>
    <property name="sun.cpu.endian" value="little"/>
    <property name="user.home" value="/Users/loganlucas"/>
    <property name="user.language" value="en"/>
    <property name="java.specification.vendor" value="Oracle Corporation"/>
    <property name="java.version.date" value="2024-07-16"/>
    <property name="java.home" value="/opt/homebrew/Cellar/openjdk/22.0.2/libexec/openjdk.jdk/Contents/Home"/>
    <property name="file.separator" value="/"/>
    <property name="basedir" value="/Users/loganlucas/java-hashmap-and-queue"/>
    <property name="java.vm.compressedOopsMode" value="Zero based"/>
    <property name="line.separator" value="&#10;"/>
    <property name="java.vm.specification.vendor" value="Oracle Corporation"/>
    <property name="java.specification.name" value="Java Platform API Specification"/>
    <property name="apple.awt.application.name" value="ForkedBooter"/>
    <property name="surefire.real.class.path" value="/Users/loganlucas/java-hashmap-and-queue/target/surefire/surefirebooter13927866615687358736.jar"/>
    <property name="sun.management.compiler" value="HotSpot 64-Bit Tiered Compilers"/>
    <property name="ftp.nonProxyHosts" value="local|*.local|169.254/16|*.169.254/16"/>
    <property name="java.runtime.version" value="22.0.2"/>
    <property name="user.name" value="loganlucas"/>
    <property name="stdout.encoding" value="UTF-8"/>
    <property name="path.separator" value=":"/>
    <property name="os.version" value="15.0"/>
    <property name="java.runtime.name" value="OpenJDK Runtime Environment"/>
    <property name="file.encoding" value="UTF-8"/>
    <property name="java.vm.name" value="OpenJDK 64-Bit Server VM"/>
    <property name="java.vendor.version" value="Homebrew"/>
    <property name="localRepository" value="/Users/loganlucas/.m2/repository"/>
    <property name="java.vendor.url.bug" value="https://github.com/Homebrew/homebrew-core/issues"/>
    <property name="java.io.tmpdir" value="/var/folders/3v/vjx7sg4x5vz1f03sm_z948cr0000gn/T/"/>
    <property name="java.version" value="22.0.2"/>
    <property name="user.dir" value="/Users/loganlucas/java-hashmap-and-queue"/>
    <property name="os.arch" value="aarch64"/>
    <property name="java.vm.specification.name" value="Java Virtual Machine Specification"/>
    <property name="native.encoding" value="UTF-8"/>
    <property name="java.library.path" value="/Users/loganlucas/Library/Java/Extensions:/Library/Java/Extensions:/Network/Library/Java/Extensions:/System/Library/Java/Extensions:/usr/lib/java:."/>
    <property name="java.vm.info" value="mixed mode, sharing"/>
    <property name="stderr.encoding" value="UTF-8"/>
    <property name="java.vendor" value="Homebrew"/>
    <property name="java.vm.version" value="22.0.2"/>
    <property name="sun.io.unicode.encoding" value="UnicodeBig"/>
    <property name="socksNonProxyHosts" value="local|*.local|169.254/16|*.169.254/16"/>
    <property name="java.class.version" value="66.0"/>
  </properties>
  <testcase name="searchForCodeTest1" classname="GQTest" time="0"/>
  <testcase name="searchForCodeTest2" classname="GQTest" time="0"/>
  <testcase name="searchForCodeTest3" classname="GQTest" time="0"/>
  <testcase name="replaceAtCodeTest1" classname="GQTest" time="0"/>
  <testcase name="replaceAtCodeTest2" classname="GQTest" time="0"/>
  <testcase name="replaceAtCodeTest3" classname="GQTest" time="0"/>
  <testcase name="QueueCodeConstructorTestFloat" classname="GQTest" time="0"/>
  <testcase name="queueCodeConstructorTestLong" classname="GQTest" time="0"/>
  <testcase name="addCodeTest1" classname="GQTest" time="0"/>
  <testcase name="addCodeTest2" classname="GQTest" time="0"/>
  <testcase name="addCodeTest3" classname="GQTest" time="0"/>
  <testcase name="deleteTest1" classname="GQTest" time="0"/>
  <testcase name="deleteTest2" classname="GQTest" time="0"/>
  <testcase name="deleteTest3" classname="GQTest" time="0"/>
  <testcase name="deleteTest4" classname="GQTest" time="0"/>
  <testcase name="deleteTest5" classname="GQTest" time="0"/>
  <testcase name="queueConstructorTestLong" classname="GQTest" time="0"/>
  <testcase name="ReverseGLLIteratorTest1" classname="GQTest" time="0"/>
  <testcase name="ReverseGLLIteratorTest2" classname="GQTest" time="0"/>
  <testcase name="ReverseGLLIteratorTest3" classname="GQTest" time="0"/>
  <testcase name="ReverseGLLIteratorTest4" classname="GQTest" time="0"/>
  <testcase name="printTest1" classname="GQTest" time="0.001"/>
  <testcase name="printTest2" classname="GQTest" time="0"/>
  <testcase name="queueConstructorTestString" classname="GQTest" time="0"/>
  <testcase name="queueConstructorTestInteger" classname="GQTest" time="0"/>
  <testcase name="dequeueTest" classname="GQTest" time="0"/>
  <testcase name="addNoCodeTest1" classname="GQTest" time="0"/>
  <testcase name="addNoCodeTest2" classname="GQTest" time="0"/>
  <testcase name="addNoCodeTest3" classname="GQTest" time="0"/>
  <testcase name="addNoCodeTest4" classname="GQTest" time="0.001"/>
  <testcase name="dumpListTest" classname="GQTest" time="0"/>
  <testcase name="GLLIteratorTest1" classname="GQTest" time="0"/>
  <testcase name="GLLIteratorTest2" classname="GQTest" time="0"/>
  <testcase name="GLLIteratorTest3" classname="GQTest" time="0.001"/>
  <testcase name="GLLIteratorTest4" classname="GQTest" time="0"/>
  <testcase name="enqueueTest" classname="GQTest" time="0"/>
  <testcase name="QueueCodeConstructorTestString" classname="GQTest" time="0"/>
  <testcase name="queueCodeConstructorTestInteger" classname="GQTest" time="0"/>
  <testcase name="queueConstructorTestFloat" classname="GQTest" time="0"/>
</testsuite>